Please read http://wiki.collectionspace.org/display/collectionspace/Running+Automated+QA+Tests

Known issues:
Record schemas may have changed (added, removed, changed field types, etc.) and need to be checked in Record.java.

Two tests currently fail in the secondaryTabTests.java: tabTestCancel[4] and testSecondarySave[4]. This is caused by the Movement secondary tab needing an authority vocabulary term as a required field, but the test framework can't insert/update/add these types of terms to the autocomplete widget. 

    [junit] Testcase: tabTestCancel[4] took 18.107 sec
    [junit] 	FAILED
    [junit] checking for field: .csc-movement-currentLocation expected:<[VOCAB]> but was: [urn:error:in:application:layer:every:autocomplete:field:must:have:an:urn]>
    [junit] junit.framework.AssertionFailedError: checking for field: .csc-movement-currentLocation expected:<[VOCAB]> but was:<[urn:error:in:application:layer:every:autocomplete:field:must:have:an:urn]>
    [junit] 	at org.collectionspace.qa.Utilities.verifyFill(Unknown Source)
    [junit] 	at org.collectionspace.qa.Utilities.verifyFill(Unknown Source)
    [junit] 	at org.collectionspace.qa.SecondaryTabTests.tabTestCancel(Unknown Source)


    [junit] Testcase: testSecondarySave[4] took 17.411 sec
    [junit] 	FAILED
    [junit] checking for field: .csc-movement-currentLocation expected:<[VOCAB]> but was:<[urn:error:in:application:layer:every:autocomplete:field:must:have:an:urn]>
    [junit] junit.framework.AssertionFailedError: checking for field: .csc-movement-currentLocation expected:<[VOCAB]> but was:<[urn:error:in:application:layer:every:autocomplete:field:must:have:an:urn]>
    [junit] 	at org.collectionspace.qa.Utilities.verifyFill(Unknown Source)
    [junit] 	at org.collectionspace.qa.Utilities.verifyFill(Unknown Source)
    [junit] 	at org.collectionspace.qa.SecondaryTabTests.testSecondarySave(Unknown Source)
